Determining if the pthread_create exist failed with the following output:
Change Dir: /home/ndk/Documents/semeter_4/sensing_and_intelligent_systems/labs/lab4-ROS/sis_lab_all_2020/04-ROS_tutorial_2/catkin_ws/build/CMakeFiles/CMakeTmp

Run Build Command:"/usr/bin/make" "cmTC_325b3/fast"
/usr/bin/make -f CMakeFiles/cmTC_325b3.dir/build.make CMakeFiles/cmTC_325b3.dir/build
make[1]: Entering directory '/home/ndk/Documents/semeter_4/sensing_and_intelligent_systems/labs/lab4-ROS/sis_lab_all_2020/04-ROS_tutorial_2/catkin_ws/build/CMakeFiles/CMakeTmp'
Building C object CMakeFiles/cmTC_325b3.dir/CheckSymbolExists.c.o
/usr/bin/cc     -o CMakeFiles/cmTC_325b3.dir/CheckSymbolExists.c.o   -c /home/ndk/Documents/semeter_4/sensing_and_intelligent_systems/labs/lab4-ROS/sis_lab_all_2020/04-ROS_tutorial_2/catkin_ws/build/CMakeFiles/CMakeTmp/CheckSymbolExists.c
Linking C executable cmTC_325b3
/usr/bin/cmake -E cmake_link_script CMakeFiles/cmTC_325b3.dir/link.txt --verbose=1
/usr/bin/cc       CMakeFiles/cmTC_325b3.dir/CheckSymbolExists.c.o  -o cmTC_325b3 -rdynamic 
CMakeFiles/cmTC_325b3.dir/CheckSymbolExists.c.o: In function `main':
CheckSymbolExists.c:(.text+0x16): undefined reference to `pthread_create'
collect2: error: ld returned 1 exit status
CMakeFiles/cmTC_325b3.dir/build.make:97: recipe for target 'cmTC_325b3' failed
make[1]: *** [cmTC_325b3] Error 1
make[1]: Leaving directory '/home/ndk/Documents/semeter_4/sensing_and_intelligent_systems/labs/lab4-ROS/sis_lab_all_2020/04-ROS_tutorial_2/catkin_ws/build/CMakeFiles/CMakeTmp'
Makefile:126: recipe for target 'cmTC_325b3/fast' failed
make: *** [cmTC_325b3/fast] Error 2

File /home/ndk/Documents/semeter_4/sensing_and_intelligent_systems/labs/lab4-ROS/sis_lab_all_2020/04-ROS_tutorial_2/catkin_ws/build/CMakeFiles/CMakeTmp/CheckSymbolExists.c:
/* */
#include <pthread.h>

int main(int argc, char** argv)
{
  (void)argv;
#ifndef pthread_create
  return ((int*)(&pthread_create))[argc];
#else
  (void)argc;
  return 0;
#endif
}

Determining if the function pthread_create exists in the pthreads failed with the following output:
Change Dir: /home/ndk/Documents/semeter_4/sensing_and_intelligent_systems/labs/lab4-ROS/sis_lab_all_2020/04-ROS_tutorial_2/catkin_ws/build/CMakeFiles/CMakeTmp

Run Build Command:"/usr/bin/make" "cmTC_89bbd/fast"
/usr/bin/make -f CMakeFiles/cmTC_89bbd.dir/build.make CMakeFiles/cmTC_89bbd.dir/build
make[1]: Entering directory '/home/ndk/Documents/semeter_4/sensing_and_intelligent_systems/labs/lab4-ROS/sis_lab_all_2020/04-ROS_tutorial_2/catkin_ws/build/CMakeFiles/CMakeTmp'
Building C object CMakeFiles/cmTC_89bbd.dir/CheckFunctionExists.c.o
/usr/bin/cc    -DCHECK_FUNCTION_EXISTS=pthread_create   -o CMakeFiles/cmTC_89bbd.dir/CheckFunctionExists.c.o   -c /usr/share/cmake-3.5/Modules/CheckFunctionExists.c
Linking C executable cmTC_89bbd
/usr/bin/cmake -E cmake_link_script CMakeFiles/cmTC_89bbd.dir/link.txt --verbose=1
/usr/bin/cc   -DCHECK_FUNCTION_EXISTS=pthread_create    CMakeFiles/cmTC_89bbd.dir/CheckFunctionExists.c.o  -o cmTC_89bbd -rdynamic -lpthreads 
/usr/bin/ld: cannot find -lpthreads
collect2: error: ld returned 1 exit status
CMakeFiles/cmTC_89bbd.dir/build.make:97: recipe for target 'cmTC_89bbd' failed
make[1]: *** [cmTC_89bbd] Error 1
make[1]: Leaving directory '/home/ndk/Documents/semeter_4/sensing_and_intelligent_systems/labs/lab4-ROS/sis_lab_all_2020/04-ROS_tutorial_2/catkin_ws/build/CMakeFiles/CMakeTmp'
Makefile:126: recipe for target 'cmTC_89bbd/fast' failed
make: *** [cmTC_89bbd/fast] Error 2


